\BOOKMARK [0][-]{chapter.1}{Suites, épisode 1}{}% 1
\BOOKMARK [1][-]{section.1.1}{Suites arithmético-géométriques}{chapter.1}% 2
\BOOKMARK [1][-]{section.1.2}{Suites récurrentes d'ordre un}{chapter.1}% 3
\BOOKMARK [2][-]{subsection.1.2.1}{Généralités}{section.1.2}% 4
\BOOKMARK [2][-]{subsection.1.2.2}{Monotonie}{section.1.2}% 5
\BOOKMARK [2][-]{subsection.1.2.3}{Convergence}{section.1.2}% 6
\BOOKMARK [0][-]{chapter.2}{Fonctions de la variable réelle, épisode 1}{}% 7
\BOOKMARK [1][-]{section.2.1}{Topologie\040de\040R}{chapter.2}% 8
\BOOKMARK [2][-]{subsection.2.1.1}{Borne supérieure}{section.2.1}% 9
\BOOKMARK [2][-]{subsection.2.1.2}{Parties ouvertes et fermées de R}{section.2.1}% 10
\BOOKMARK [2][-]{subsection.2.1.3}{Intervalles\040de\040R}{section.2.1}% 11
\BOOKMARK [1][-]{section.2.2}{Limites, continuité}{chapter.2}% 12
\BOOKMARK [2][-]{subsection.2.2.1}{Définitions}{section.2.2}% 13
\BOOKMARK [2][-]{subsection.2.2.2}{Théorème des valeurs intermédiaires}{section.2.2}% 14
\BOOKMARK [2][-]{subsection.2.2.3}{Théorème de compacité}{section.2.2}% 15
\BOOKMARK [2][-]{subsection.2.2.4}{Théorème de la bijection continue}{section.2.2}% 16
\BOOKMARK [2][-]{subsection.2.2.5}{Fonctions\040lipschitziennes}{section.2.2}% 17
\BOOKMARK [1][-]{section.2.3}{Dérivabilité}{chapter.2}% 18
\BOOKMARK [2][-]{subsection.2.3.1}{Théorème de Rolle}{section.2.3}% 19
\BOOKMARK [2][-]{subsection.2.3.2}{Théorème des accroissements finis}{section.2.3}% 20
\BOOKMARK [0][-]{chapter.3}{Suites, épisode 2}{}% 21
\BOOKMARK [1][-]{section.3.1}{Sous-suites}{chapter.3}% 22
\BOOKMARK [1][-]{section.3.2}{Sommes}{chapter.3}% 23
\BOOKMARK [1][-]{section.3.3}{Introduction aux séries numériques}{chapter.3}% 24
\BOOKMARK [1][-]{section.3.4}{Comparaison série-intégrale}{chapter.3}% 25
\BOOKMARK [0][-]{chapter.4}{Équations différentielles}{}% 26
\BOOKMARK [1][-]{section.4.1}{Généralités}{chapter.4}% 27
\BOOKMARK [2][-]{subsection.4.1.1}{Définitions}{section.4.1}% 28
\BOOKMARK [2][-]{subsection.4.1.2}{Problème de Cauchy}{section.4.1}% 29
\BOOKMARK [2][-]{subsection.4.1.3}{Réduction au premier ordre}{section.4.1}% 30
\BOOKMARK [1][-]{section.4.2}{Équations linéaires du premier ordre}{chapter.4}% 31
\BOOKMARK [2][-]{subsection.4.2.1}{Équation homogène}{section.4.2}% 32
\BOOKMARK [2][-]{subsection.4.2.2}{Équation non homogène}{section.4.2}% 33
\BOOKMARK [1][-]{section.4.3}{Équations linéaires du second ordre à coefficients constants}{chapter.4}% 34
\BOOKMARK [2][-]{subsection.4.3.1}{Cas homogène}{section.4.3}% 35
\BOOKMARK [2][-]{subsection.4.3.2}{Équation non homogène}{section.4.3}% 36
\BOOKMARK [2][-]{subsection.4.3.3}{Exercices}{section.4.3}% 37
\BOOKMARK [1][-]{section.4.4}{Intégration numérique d'équations différentielles}{chapter.4}% 38
\BOOKMARK [2][-]{subsection.4.4.1}{Principe}{section.4.4}% 39
\BOOKMARK [2][-]{subsection.4.4.2}{Implémentation}{section.4.4}% 40
\BOOKMARK [2][-]{subsection.4.4.3}{Exemples}{section.4.4}% 41
